2025/08/04 15:39:02 INFO mlflow.store.db.utils: Creating initial MLflow database tables...
2025/08/04 15:39:02 INFO mlflow.store.db.utils: Updating database tables
INFO  [alembic.runtime.migration] Context impl SQLiteImpl.
INFO  [alembic.runtime.migration] Will assume non-transactional DDL.
INFO  [alembic.runtime.migration] Context impl SQLiteImpl.
INFO  [alembic.runtime.migration] Will assume non-transactional DDL.
2025/08/04 15:39:02 INFO mlflow.store.db.utils: Creating initial MLflow database tables...
2025/08/04 15:39:02 INFO mlflow.store.db.utils: Updating database tables
INFO  [alembic.runtime.migration] Context impl SQLiteImpl.
INFO  [alembic.runtime.migration] Will assume non-transactional DDL.
[2025-08-04 15:39:02 -0600] [733] [INFO] Starting gunicorn 23.0.0
[2025-08-04 15:39:02 -0600] [733] [INFO] Listening at: http://0.0.0.0:5000 (733)
[2025-08-04 15:39:02 -0600] [733] [INFO] Using worker: sync
[2025-08-04 15:39:02 -0600] [734] [INFO] Booting worker with pid: 734
[2025-08-04 15:39:02 -0600] [735] [INFO] Booting worker with pid: 735
[2025-08-04 15:39:02 -0600] [736] [INFO] Booting worker with pid: 736
[2025-08-04 15:39:02 -0600] [737] [INFO] Booting worker with pid: 737
2025/08/04 16:37:58 INFO mlflow.store.db.utils: Creating initial MLflow database tables...
2025/08/04 16:37:58 INFO mlflow.store.db.utils: Updating database tables
INFO  [alembic.runtime.migration] Context impl SQLiteImpl.
INFO  [alembic.runtime.migration] Will assume non-transactional DDL.
INFO  [alembic.runtime.migration] Context impl SQLiteImpl.
INFO  [alembic.runtime.migration] Will assume non-transactional DDL.
2025/08/04 16:38:01 INFO mlflow.store.db.utils: Creating initial MLflow database tables...
2025/08/04 16:38:01 INFO mlflow.store.db.utils: Creating initial MLflow database tables...
2025/08/04 16:38:01 INFO mlflow.store.db.utils: Updating database tables
2025/08/04 16:38:01 INFO mlflow.store.db.utils: Updating database tables
INFO  [alembic.runtime.migration] Context impl SQLiteImpl.
INFO  [alembic.runtime.migration] Will assume non-transactional DDL.
INFO  [alembic.runtime.migration] Context impl SQLiteImpl.
INFO  [alembic.runtime.migration] Will assume non-transactional DDL.
INFO  [alembic.runtime.migration] Context impl SQLiteImpl.
INFO  [alembic.runtime.migration] Will assume non-transactional DDL.
INFO  [alembic.runtime.migration] Context impl SQLiteImpl.
INFO  [alembic.runtime.migration] Will assume non-transactional DDL.
2025/08/04 16:38:42 INFO mlflow.store.db.utils: Creating initial MLflow database tables...
2025/08/04 16:38:42 INFO mlflow.store.db.utils: Updating database tables
INFO  [alembic.runtime.migration] Context impl SQLiteImpl.
INFO  [alembic.runtime.migration] Will assume non-transactional DDL.
INFO  [alembic.runtime.migration] Context impl SQLiteImpl.
INFO  [alembic.runtime.migration] Will assume non-transactional DDL.
